TN:
SF:src/metamorpho/MetaMorphoSnippets.sol
FN:38,MetaMorphoSnippets.totalDepositVault
FNDA:512,MetaMorphoSnippets.totalDepositVault
DA:39,768
FN:45,MetaMorphoSnippets.vaultAssetsInMarket
FNDA:256,MetaMorphoSnippets.vaultAssetsInMarket
DA:50,1024
FN:56,MetaMorphoSnippets.totalSharesUserVault
FNDA:256,MetaMorphoSnippets.totalSharesUserVault
DA:57,256
FN:62,MetaMorphoSnippets.supplyQueueVault
FNDA:1,MetaMorphoSnippets.supplyQueueVault
DA:63,1
DA:64,1
DA:66,1
DA:67,2
DA:70,1
FN:75,MetaMorphoSnippets.withdrawQueueVault
FNDA:1,MetaMorphoSnippets.withdrawQueueVault
DA:76,1
DA:77,1
DA:79,1
DA:80,4
DA:83,1
FN:90,MetaMorphoSnippets.totalCapCollateral
FNDA:256,MetaMorphoSnippets.totalCapCollateral
DA:91,256
DA:93,256
DA:94,1024
DA:95,1024
DA:97,1024
BRDA:97,0,0,-
BRDA:97,0,1,768
DA:98,768
FN:106,MetaMorphoSnippets.supplyAPYMarket
FNDA:1025,MetaMorphoSnippets.supplyAPYMarket
DA:112,1793
DA:113,1793
BRDA:113,1,0,1
BRDA:113,1,1,1792
DA:114,1
DA:116,1792
DA:119,1792
DA:122,1792
DA:124,1792
FN:130,MetaMorphoSnippets.supplyAPYVault
FNDA:256,MetaMorphoSnippets.supplyAPYVault
DA:131,256
DA:132,256
DA:134,256
DA:136,256
DA:137,768
DA:139,768
DA:140,768
DA:142,768
DA:143,768
DA:144,768
DA:147,256
FN:157,MetaMorphoSnippets.depositInVault
FNDA:256,MetaMorphoSnippets.depositInVault
DA:158,256
DA:160,256
DA:162,256
FN:171,MetaMorphoSnippets.withdrawFromVaultAmount
FNDA:256,MetaMorphoSnippets.withdrawFromVaultAmount
DA:175,256
FN:181,MetaMorphoSnippets.redeemAllFromVault
FNDA:256,MetaMorphoSnippets.redeemAllFromVault
DA:182,256
DA:183,256
FN:193,MetaMorphoSnippets.reallocateAvailableLiquidity
FNDA:1,MetaMorphoSnippets.reallocateAvailableLiquidity
DA:198,1
DA:199,1
DA:201,1
DA:202,3
DA:204,3
DA:205,3
DA:207,3
DA:208,3
DA:210,3
DA:212,3
DA:216,1
DA:218,1
FN:221,MetaMorphoSnippets._approveMaxVault
FNDA:256,MetaMorphoSnippets._approveMaxVault
DA:222,256
BRDA:222,2,0,-
BRDA:222,2,1,256
DA:223,256
FNF:13
FNH:13
LF:57
LH:57
BRF:6
BRH:4
end_of_record
TN:
SF:src/morpho-blue/CallbacksSnippets.sol
FN:83,CallbacksSnippets.onMorphoSupplyCollateral
FNDA:0,CallbacksSnippets.onMorphoSupplyCollateral
DA:84,0
DA:85,0
DA:87,0
DA:92,0
FN:95,CallbacksSnippets.onMorphoLiquidate
FNDA:0,CallbacksSnippets.onMorphoLiquidate
DA:96,0
DA:98,0
DA:100,0
FN:103,CallbacksSnippets.onMorphoRepay
FNDA:0,CallbacksSnippets.onMorphoRepay
DA:104,0
DA:105,0
DA:107,0
DA:109,0
DA:110,0
FN:120,CallbacksSnippets.leverageMe
FNDA:0,CallbacksSnippets.leverageMe
DA:123,0
DA:125,0
DA:140,0
DA:142,0
DA:144,0
FN:157,CallbacksSnippets.deLeverageMe
FNDA:0,CallbacksSnippets.deLeverageMe
DA:158,0
DA:160,0
DA:162,0
DA:165,0
FN:177,CallbacksSnippets.fullLiquidationWithoutCollat
FNDA:0,CallbacksSnippets.fullLiquidationWithoutCollat
DA:181,0
DA:183,0
DA:184,0
DA:186,0
BRDA:186,0,0,-
BRDA:186,0,1,-
DA:187,0
DA:189,0
DA:191,0
DA:199,0
FN:202,CallbacksSnippets._approveMaxTo
FNDA:0,CallbacksSnippets._approveMaxTo
DA:203,0
BRDA:203,1,0,-
BRDA:203,1,1,-
DA:204,0
FN:83,CallbacksSnippets.onMorphoSupplyCollateral
FNDA:0,CallbacksSnippets.onMorphoSupplyCollateral
DA:84,0
DA:85,0
DA:87,0
DA:92,0
FN:95,CallbacksSnippets.onMorphoLiquidate
FNDA:0,CallbacksSnippets.onMorphoLiquidate
DA:96,0
DA:98,0
DA:100,0
FN:103,CallbacksSnippets.onMorphoRepay
FNDA:0,CallbacksSnippets.onMorphoRepay
DA:104,0
DA:105,0
DA:107,0
DA:109,0
DA:110,0
FN:120,CallbacksSnippets.leverageMe
FNDA:0,CallbacksSnippets.leverageMe
DA:123,0
DA:125,0
DA:140,0
DA:142,0
DA:144,0
FN:157,CallbacksSnippets.deLeverageMe
FNDA:0,CallbacksSnippets.deLeverageMe
DA:158,0
DA:160,0
DA:162,0
DA:165,0
FN:177,CallbacksSnippets.fullLiquidationWithoutCollat
FNDA:0,CallbacksSnippets.fullLiquidationWithoutCollat
DA:181,0
DA:183,0
DA:184,0
DA:186,0
BRDA:186,0,0,-
BRDA:186,0,1,-
DA:187,0
DA:189,0
DA:191,0
DA:199,0
FN:202,CallbacksSnippets._approveMaxTo
FNDA:0,CallbacksSnippets._approveMaxTo
DA:203,0
BRDA:203,1,0,-
BRDA:203,1,1,-
DA:204,0
FNF:14
FNH:0
LF:62
LH:0
BRF:8
BRH:0
end_of_record
TN:
SF:src/morpho-blue/MorphoBlueSnippets.sol
FN:54,MorphoBlueSnippets.supplyAPY
FNDA:0,MorphoBlueSnippets.supplyAPY
DA:59,0
DA:62,0
DA:65,0
DA:67,0
FN:74,MorphoBlueSnippets.borrowAPY
FNDA:0,MorphoBlueSnippets.borrowAPY
DA:79,0
BRDA:79,0,0,-
BRDA:79,0,1,-
DA:80,0
FN:88,MorphoBlueSnippets.supplyAssetsUser
FNDA:0,MorphoBlueSnippets.supplyAssetsUser
DA:93,0
FN:100,MorphoBlueSnippets.borrowAssetsUser
FNDA:0,MorphoBlueSnippets.borrowAssetsUser
DA:105,0
FN:113,MorphoBlueSnippets.collateralAssetsUser
FNDA:0,MorphoBlueSnippets.collateralAssetsUser
DA:114,0
DA:115,0
DA:116,0
DA:117,0
FN:123,MorphoBlueSnippets.marketTotalSupply
FNDA:0,MorphoBlueSnippets.marketTotalSupply
DA:124,0
FN:130,MorphoBlueSnippets.marketTotalBorrow
FNDA:0,MorphoBlueSnippets.marketTotalBorrow
DA:131,0
FN:139,MorphoBlueSnippets.userHealthFactor
FNDA:0,MorphoBlueSnippets.userHealthFactor
DA:144,0
DA:145,0
DA:146,0
DA:148,0
DA:150,0
BRDA:150,1,0,-
BRDA:150,1,1,-
DA:151,0
FN:161,MorphoBlueSnippets.supply
FNDA:0,MorphoBlueSnippets.supply
DA:165,0
DA:166,0
DA:168,0
DA:169,0
DA:171,0
FN:177,MorphoBlueSnippets.supplyCollateral
FNDA:0,MorphoBlueSnippets.supplyCollateral
DA:178,0
DA:179,0
DA:181,0
DA:183,0
FN:189,MorphoBlueSnippets.withdrawCollateral
FNDA:0,MorphoBlueSnippets.withdrawCollateral
DA:190,0
DA:191,0
DA:193,0
FN:201,MorphoBlueSnippets.withdrawAmount
FNDA:0,MorphoBlueSnippets.withdrawAmount
DA:205,0
DA:206,0
DA:207,0
DA:209,0
FN:216,MorphoBlueSnippets.withdraw50Percent
FNDA:0,MorphoBlueSnippets.withdraw50Percent
DA:220,0
DA:221,0
DA:222,0
DA:223,0
DA:225,0
DA:226,0
DA:228,0
FN:235,MorphoBlueSnippets.withdrawAll
FNDA:0,MorphoBlueSnippets.withdrawAll
DA:239,0
DA:240,0
DA:241,0
DA:243,0
DA:244,0
DA:246,0
FN:255,MorphoBlueSnippets.withdrawAmountOrAll
FNDA:0,MorphoBlueSnippets.withdrawAmountOrAll
DA:259,0
DA:261,0
DA:262,0
DA:264,0
DA:265,0
DA:266,0
DA:267,0
DA:269,0
DA:271,0
BRDA:271,2,0,-
BRDA:271,2,1,-
DA:272,0
DA:274,0
FN:283,MorphoBlueSnippets.borrow
FNDA:0,MorphoBlueSnippets.borrow
DA:287,0
DA:288,0
DA:289,0
DA:291,0
FN:299,MorphoBlueSnippets.repayAmount
FNDA:0,MorphoBlueSnippets.repayAmount
DA:303,0
DA:304,0
DA:306,0
DA:307,0
DA:308,0
FN:315,MorphoBlueSnippets.repay50Percent
FNDA:0,MorphoBlueSnippets.repay50Percent
DA:319,0
DA:321,0
DA:323,0
DA:324,0
DA:326,0
DA:327,0
DA:329,0
DA:330,0
DA:332,0
FN:339,MorphoBlueSnippets.repayAll
FNDA:0,MorphoBlueSnippets.repayAll
DA:340,0
DA:342,0
DA:344,0
DA:345,0
DA:347,0
DA:348,0
DA:350,0
DA:351,0
DA:352,0
FN:361,MorphoBlueSnippets.repayAmountOrAll
FNDA:0,MorphoBlueSnippets.repayAmountOrAll
DA:365,0
DA:367,0
DA:369,0
DA:371,0
DA:372,0
DA:373,0
DA:374,0
DA:375,0
DA:377,0
BRDA:377,3,0,-
BRDA:377,3,1,-
DA:378,0
DA:379,0
DA:381,0
DA:382,0
FN:54,MorphoBlueSnippets.supplyAPY
FNDA:0,MorphoBlueSnippets.supplyAPY
DA:59,0
DA:62,0
DA:65,0
DA:67,0
FN:74,MorphoBlueSnippets.borrowAPY
FNDA:0,MorphoBlueSnippets.borrowAPY
DA:79,0
BRDA:79,0,0,-
BRDA:79,0,1,-
DA:80,0
FN:88,MorphoBlueSnippets.supplyAssetsUser
FNDA:0,MorphoBlueSnippets.supplyAssetsUser
DA:93,0
FN:100,MorphoBlueSnippets.borrowAssetsUser
FNDA:0,MorphoBlueSnippets.borrowAssetsUser
DA:105,0
FN:113,MorphoBlueSnippets.collateralAssetsUser
FNDA:0,MorphoBlueSnippets.collateralAssetsUser
DA:114,0
DA:115,0
DA:116,0
DA:117,0
FN:123,MorphoBlueSnippets.marketTotalSupply
FNDA:0,MorphoBlueSnippets.marketTotalSupply
DA:124,0
FN:130,MorphoBlueSnippets.marketTotalBorrow
FNDA:0,MorphoBlueSnippets.marketTotalBorrow
DA:131,0
FN:139,MorphoBlueSnippets.userHealthFactor
FNDA:0,MorphoBlueSnippets.userHealthFactor
DA:144,0
DA:145,0
DA:146,0
DA:148,0
DA:150,0
BRDA:150,1,0,-
BRDA:150,1,1,-
DA:151,0
FN:161,MorphoBlueSnippets.supply
FNDA:0,MorphoBlueSnippets.supply
DA:165,0
DA:166,0
DA:168,0
DA:169,0
DA:171,0
FN:177,MorphoBlueSnippets.supplyCollateral
FNDA:0,MorphoBlueSnippets.supplyCollateral
DA:178,0
DA:179,0
DA:181,0
DA:183,0
FN:189,MorphoBlueSnippets.withdrawCollateral
FNDA:0,MorphoBlueSnippets.withdrawCollateral
DA:190,0
DA:191,0
DA:193,0
FN:201,MorphoBlueSnippets.withdrawAmount
FNDA:0,MorphoBlueSnippets.withdrawAmount
DA:205,0
DA:206,0
DA:207,0
DA:209,0
FN:216,MorphoBlueSnippets.withdraw50Percent
FNDA:0,MorphoBlueSnippets.withdraw50Percent
DA:220,0
DA:221,0
DA:222,0
DA:223,0
DA:225,0
DA:226,0
DA:228,0
FN:235,MorphoBlueSnippets.withdrawAll
FNDA:0,MorphoBlueSnippets.withdrawAll
DA:239,0
DA:240,0
DA:241,0
DA:243,0
DA:244,0
DA:246,0
FN:255,MorphoBlueSnippets.withdrawAmountOrAll
FNDA:0,MorphoBlueSnippets.withdrawAmountOrAll
DA:259,0
DA:261,0
DA:262,0
DA:264,0
DA:265,0
DA:266,0
DA:267,0
DA:269,0
DA:271,0
BRDA:271,2,0,-
BRDA:271,2,1,-
DA:272,0
DA:274,0
FN:283,MorphoBlueSnippets.borrow
FNDA:0,MorphoBlueSnippets.borrow
DA:287,0
DA:288,0
DA:289,0
DA:291,0
FN:299,MorphoBlueSnippets.repayAmount
FNDA:0,MorphoBlueSnippets.repayAmount
DA:303,0
DA:304,0
DA:306,0
DA:307,0
DA:308,0
FN:315,MorphoBlueSnippets.repay50Percent
FNDA:0,MorphoBlueSnippets.repay50Percent
DA:319,0
DA:321,0
DA:323,0
DA:324,0
DA:326,0
DA:327,0
DA:329,0
DA:330,0
DA:332,0
FN:339,MorphoBlueSnippets.repayAll
FNDA:0,MorphoBlueSnippets.repayAll
DA:340,0
DA:342,0
DA:344,0
DA:345,0
DA:347,0
DA:348,0
DA:350,0
DA:351,0
DA:352,0
FN:361,MorphoBlueSnippets.repayAmountOrAll
FNDA:0,MorphoBlueSnippets.repayAmountOrAll
DA:365,0
DA:367,0
DA:369,0
DA:371,0
DA:372,0
DA:373,0
DA:374,0
DA:375,0
DA:377,0
BRDA:377,3,0,-
BRDA:377,3,1,-
DA:378,0
DA:379,0
DA:381,0
DA:382,0
FNF:40
FNH:0
LF:200
LH:0
BRF:16
BRH:0
end_of_record
TN:
SF:src/morpho-blue/mocks/SwapMock.sol
FN:36,SwapMock.swapCollatToLoan
FNDA:0,SwapMock.swapCollatToLoan
DA:37,0
DA:39,0
DA:41,0
DA:42,0
FN:48,SwapMock.swapLoanToCollat
FNDA:0,SwapMock.swapLoanToCollat
DA:49,0
DA:51,0
DA:53,0
DA:54,0
FN:36,SwapMock.swapCollatToLoan
FNDA:0,SwapMock.swapCollatToLoan
DA:37,0
DA:39,0
DA:41,0
DA:42,0
FN:48,SwapMock.swapLoanToCollat
FNDA:0,SwapMock.swapLoanToCollat
DA:49,0
DA:51,0
DA:53,0
DA:54,0
FNF:4
FNH:0
LF:16
LH:0
BRF:0
BRH:0
end_of_record
